2025-06-08 13:03:41,476 [INFO] Activator:176 - 


2025-06-08 13:03:41,478 [INFO] Activator:177 - !SESSION log4j initialized
2025-06-08 13:03:42,587 [ERROR] LogOutputStream:75 - [STDERR_REDIRECT] 
2025-06-08 13:03:44,171 [INFO] LogOutputStream:77 - [STDOUT_REDIRECT] 
2025-06-08 13:03:46,282 [INFO] ApplicationProperties:184 - Using Application install path: /Applications/STM32CubeIDE.app/Contents/Eclipse/plugins/com.st.stm32cube.common.mx_6.14.1.202504091515
2025-06-08 13:03:46,296 [INFO] DbMcusXml:78 - Set database path to: /Applications/STM32CubeIDE.app/Contents/Eclipse/plugins/com.st.stm32cube.common.mx_6.14.1.202504091515//db//mcu/
2025-06-08 13:03:46,296 [INFO] ApiDb:274 - Set plugin database path to: /Applications/STM32CubeIDE.app/Contents/Eclipse/plugins/com.st.stm32cube.common.mx_6.14.1.202504091515//db//plugins/boardmanager/
2025-06-08 13:03:46,297 [WARN] ApiDb:259 - Overriding images path with different value:  => /Applications/STM32CubeIDE.app/Contents/Eclipse/plugins/com.st.stm32cube.common.mx_6.14.1.202504091515//db//plugins/mcufinder/images/
2025-06-08 13:03:46,300 [INFO] ApiDb:250 - Set database path to: /Users/chandisecherine/.stmcufinder/plugins/mcufinder//mcu/
2025-06-08 13:03:46,301 [INFO] DbMcusAds:125 - Set database path to: /Users/chandisecherine/.stmcufinder/plugins/mcufinder//mcu/
2025-06-08 13:03:46,303 [INFO] CrossReferenceDbSqlite:203 - Set database path to: /Users/chandisecherine/.stmcufinder/plugins/mcufinder//mcu/cs/
2025-06-08 13:03:46,405 [INFO] RulesReader:64 - Compatibility file has been processed (302 Rules)
2025-06-08 13:03:46,481 [INFO] DbMcusXml:78 - Set database path to: /Applications/STM32CubeIDE.app/Contents/Eclipse/plugins/com.st.stm32cube.common.mx_6.14.1.202504091515//db//mcu/
2025-06-08 13:03:46,482 [INFO] ApiDb:274 - Set plugin database path to: /Applications/STM32CubeIDE.app/Contents/Eclipse/plugins/com.st.stm32cube.common.mx_6.14.1.202504091515//db//plugins/boardmanager/
2025-06-08 13:03:46,482 [INFO] ApiDb:261 - Set plugin images path to: /Applications/STM32CubeIDE.app/Contents/Eclipse/plugins/com.st.stm32cube.common.mx_6.14.1.202504091515//db//plugins/mcufinder/images/
2025-06-08 13:03:46,482 [WARN] DbFile:41 - Overriding database path with different value: /Users/chandisecherine/.stmcufinder/plugins/mcufinder/ => /Users/chandisecherine/.stmcufinder/plugins/mcufinder
2025-06-08 13:03:46,482 [INFO] ApiDb:250 - Set database path to: /Users/chandisecherine/.stmcufinder/plugins/mcufinder//mcu/
2025-06-08 13:03:46,482 [WARN] DbFile:41 - Overriding database path with different value: /Users/chandisecherine/.stmcufinder/plugins/mcufinder/ => /Users/chandisecherine/.stmcufinder/plugins/mcufinder
2025-06-08 13:03:46,483 [INFO] DbMcusAds:125 - Set database path to: /Users/chandisecherine/.stmcufinder/plugins/mcufinder//mcu/
2025-06-08 13:03:46,483 [WARN] DbFile:41 - Overriding database path with different value: /Users/chandisecherine/.stmcufinder/plugins/mcufinder/ => /Users/chandisecherine/.stmcufinder/plugins/mcufinder
2025-06-08 13:03:46,483 [WARN] DbFile:41 - Overriding database path with different value: /Users/chandisecherine/.stmcufinder/plugins/mcufinder/ => /Users/chandisecherine/.stmcufinder/plugins/mcufinder
2025-06-08 13:03:46,483 [INFO] CrossReferenceDbSqlite:203 - Set database path to: /Users/chandisecherine/.stmcufinder/plugins/mcufinder//mcu/cs/
2025-06-08 13:03:46,545 [INFO] MainPanel:272 - HeapMemory: 268435456
2025-06-08 13:03:46,976 [INFO] DbMcusXml:78 - Set database path to: /Applications/STM32CubeIDE.app/Contents/Eclipse/plugins/com.st.stm32cube.common.mx_6.14.1.202504091515//db//mcu/
2025-06-08 13:03:46,976 [INFO] ApiDb:274 - Set plugin database path to: /Applications/STM32CubeIDE.app/Contents/Eclipse/plugins/com.st.stm32cube.common.mx_6.14.1.202504091515//db//plugins/boardmanager/
2025-06-08 13:03:46,976 [INFO] ApiDb:261 - Set plugin images path to: /Applications/STM32CubeIDE.app/Contents/Eclipse/plugins/com.st.stm32cube.common.mx_6.14.1.202504091515//db//plugins/mcufinder/images/
2025-06-08 13:03:46,977 [WARN] DbFile:41 - Overriding database path with different value: /Users/chandisecherine/.stmcufinder/plugins/mcufinder/ => /Users/chandisecherine/.stmcufinder/plugins/mcufinder
2025-06-08 13:03:46,977 [INFO] ApiDb:250 - Set database path to: /Users/chandisecherine/.stmcufinder/plugins/mcufinder//mcu/
2025-06-08 13:03:46,977 [WARN] DbFile:41 - Overriding database path with different value: /Users/chandisecherine/.stmcufinder/plugins/mcufinder/ => /Users/chandisecherine/.stmcufinder/plugins/mcufinder
2025-06-08 13:03:46,977 [INFO] DbMcusAds:125 - Set database path to: /Users/chandisecherine/.stmcufinder/plugins/mcufinder//mcu/
2025-06-08 13:03:46,977 [WARN] DbFile:41 - Overriding database path with different value: /Users/chandisecherine/.stmcufinder/plugins/mcufinder/ => /Users/chandisecherine/.stmcufinder/plugins/mcufinder
2025-06-08 13:03:46,977 [WARN] DbFile:41 - Overriding database path with different value: /Users/chandisecherine/.stmcufinder/plugins/mcufinder/ => /Users/chandisecherine/.stmcufinder/plugins/mcufinder
2025-06-08 13:03:46,978 [INFO] CrossReferenceDbSqlite:203 - Set database path to: /Users/chandisecherine/.stmcufinder/plugins/mcufinder//mcu/cs/
2025-06-08 13:03:46,993 [INFO] ApplicationProperties:184 - Using Application install path: /Applications/STM32CubeIDE.app/Contents/Eclipse/plugins/com.st.stm32cube.common.mx_6.14.1.202504091515
2025-06-08 13:03:46,994 [INFO] PluginManage:196 - Search for loadable plugins [exclusion list=, ]
2025-06-08 13:03:46,995 [INFO] PluginManage:310 - Check plugin analytics
2025-06-08 13:03:47,162 [INFO] AnalyticsPlugin:253 - Accepted Software Licenses: 
2025-06-08 13:03:47,163 [INFO] AnalyticsPlugin:255 - Accepted CMSIS Pack Licenses: 
2025-06-08 13:03:47,163 [INFO] AnalyticsPlugin:257 - Accepted Firmware Licenses: FW.F4.1.27.0
2025-06-08 13:03:47,166 [INFO] PluginManage:359 - Loaded plugin analytics (category:tool,tabindex:-1)
2025-06-08 13:03:47,166 [INFO] PluginManage:310 - Check plugin cadmodel
2025-06-08 13:03:47,169 [INFO] CADModel:105 - Init CAD model plugin
2025-06-08 13:03:47,170 [INFO] PluginManage:359 - Loaded plugin cadmodel (category:power,tabindex:5)
2025-06-08 13:03:47,170 [INFO] PluginManage:310 - Check plugin clock
2025-06-08 13:03:47,177 [INFO] PluginManage:359 - Loaded plugin clock (category:base,tabindex:2)
2025-06-08 13:03:47,178 [INFO] PluginManage:310 - Check plugin ddr
2025-06-08 13:03:47,179 [INFO] PluginManage:359 - Loaded plugin ddr (category:tool,tabindex:6)
2025-06-08 13:03:47,179 [INFO] PluginManage:310 - Check plugin filemanager
2025-06-08 13:03:47,362 [INFO] PluginManage:359 - Loaded plugin filemanager (category:base,tabindex:10)
2025-06-08 13:03:47,362 [INFO] PluginManage:310 - Check plugin ipmanager
2025-06-08 13:03:47,369 [INFO] PluginManage:359 - Loaded plugin ipmanager (category:base,tabindex:5)
2025-06-08 13:03:47,369 [INFO] PluginManage:310 - Check plugin lpbam
2025-06-08 13:03:47,378 [INFO] PluginManage:359 - Loaded plugin lpbam (category:base,tabindex:0)
2025-06-08 13:03:47,378 [INFO] PluginManage:310 - Check plugin memorymap
2025-06-08 13:03:47,392 [INFO] PluginManage:359 - Loaded plugin memorymap (category:base,tabindex:4)
2025-06-08 13:03:47,392 [INFO] PluginManage:310 - Check plugin pinoutandconfiguration
2025-06-08 13:03:47,399 [INFO] PluginManage:359 - Loaded plugin pinoutandconfiguration (category:base,tabindex:1)
2025-06-08 13:03:47,399 [INFO] PluginManage:310 - Check plugin pinoutconfig
2025-06-08 13:03:47,487 [WARN] SupportedApi:132 - Cannot load RTOS API schema: s4s-elt-must-match.1: The content of 'definitions' must match (annotation?, (simpleType | complexType)?, (unique | key | keyref)*)). A problem was found starting at: attribute.
2025-06-08 13:03:47,603 [INFO] PluginManage:359 - Loaded plugin pinoutconfig (category:base,tabindex:0)
2025-06-08 13:03:47,603 [INFO] PluginManage:310 - Check plugin power
2025-06-08 13:03:47,609 [INFO] PluginManage:359 - Loaded plugin power (category:power,tabindex:4)
2025-06-08 13:03:47,609 [INFO] PluginManage:310 - Check plugin projectmanager
2025-06-08 13:03:47,624 [INFO] PluginManage:359 - Loaded plugin projectmanager (category:projectmanager,tabindex:4)
2025-06-08 13:03:47,624 [INFO] PluginManage:310 - Check plugin rif
2025-06-08 13:03:47,629 [INFO] PluginManage:359 - Loaded plugin rif (category:base,tabindex:3)
2025-06-08 13:03:47,629 [INFO] PluginManage:310 - Check plugin thirdparty
2025-06-08 13:03:47,746 [INFO] PluginManage:359 - Loaded plugin thirdparty (category:base,tabindex:-1)
2025-06-08 13:03:47,745 [WARN] IntegrityCheckThread:84 - waiting for thirdparty lock release [integrity check]
2025-06-08 13:03:47,746 [INFO] IntegrityCheckThread:86 - entering critical section [integrity check]
2025-06-08 13:03:47,746 [INFO] PluginManage:310 - Check plugin tools
2025-06-08 13:03:47,746 [INFO] ThirdPartyUpdaterWithRetryManager:70 - Updater plugin not ready yet. [1/15]
2025-06-08 13:03:47,748 [INFO] PluginManage:359 - Loaded plugin tools (category:base,tabindex:7)
2025-06-08 13:03:47,748 [INFO] PluginManage:310 - Check plugin tutovideos
2025-06-08 13:03:47,901 [INFO] PluginManage:359 - Loaded plugin tutovideos (category:base,tabindex:-1)
2025-06-08 13:03:47,901 [INFO] PluginManage:310 - Check plugin updater
2025-06-08 13:03:47,922 [INFO] PluginManage:359 - Loaded plugin updater (category:base,tabindex:12)
2025-06-08 13:03:47,922 [INFO] PluginManage:310 - Check plugin userauth
2025-06-08 13:03:47,925 [INFO] UserAuth:118 - Init User Auth plugin
2025-06-08 13:03:47,926 [INFO] PluginManage:359 - Loaded plugin userauth (category:base,tabindex:14)
2025-06-08 13:03:47,926 [INFO] PluginManage:283 - PluginManage : Loaded plugins [18]
2025-06-08 13:03:48,129 [INFO] PinOutPanel:1589 - setPackage(No Configuration,No Configuration)
2025-06-08 13:03:48,201 [INFO] CADModel:165 - CPN selected for project level
2025-06-08 13:03:48,201 [INFO] CADModel:114 - Register for checkConnection events
2025-06-08 13:03:48,213 [INFO] IPUIPlugin:80 - create IPUIPlugin
2025-06-08 13:03:48,214 [INFO] PluginManager:220 - loadIPPluginJar : add mdma
2025-06-08 13:03:48,220 [INFO] IPUIPlugin:80 - create IPUIPlugin
2025-06-08 13:03:48,220 [INFO] PluginManager:220 - loadIPPluginJar : add freertos
2025-06-08 13:03:48,224 [INFO] IPUIPlugin:80 - create IPUIPlugin
2025-06-08 13:03:48,225 [INFO] PluginManager:220 - loadIPPluginJar : add gic
2025-06-08 13:03:48,232 [INFO] IPUIPlugin:80 - create IPUIPlugin
2025-06-08 13:03:48,232 [INFO] PluginManager:220 - loadIPPluginJar : add adc
2025-06-08 13:03:48,234 [INFO] IPUIPlugin:80 - create IPUIPlugin
2025-06-08 13:03:48,234 [INFO] PluginManager:220 - loadIPPluginJar : add gtzc
2025-06-08 13:03:48,235 [INFO] IPUIPlugin:80 - create IPUIPlugin
2025-06-08 13:03:48,236 [INFO] PluginManager:220 - loadIPPluginJar : add quadspi
2025-06-08 13:03:48,238 [INFO] IPUIPlugin:80 - create IPUIPlugin
2025-06-08 13:03:48,238 [INFO] PluginManager:220 - loadIPPluginJar : add aes
2025-06-08 13:03:48,240 [INFO] IPUIPlugin:80 - create IPUIPlugin
2025-06-08 13:03:48,240 [INFO] PluginManager:220 - loadIPPluginJar : add pdm2pcm
2025-06-08 13:03:48,242 [INFO] IPUIPlugin:80 - create IPUIPlugin
2025-06-08 13:03:48,243 [INFO] PluginManager:220 - loadIPPluginJar : add hash
2025-06-08 13:03:48,245 [INFO] IPUIPlugin:80 - create IPUIPlugin
2025-06-08 13:03:48,245 [INFO] PluginManager:220 - loadIPPluginJar : add tim
2025-06-08 13:03:48,246 [INFO] IPUIPlugin:80 - create IPUIPlugin
2025-06-08 13:03:48,246 [INFO] PluginManager:220 - loadIPPluginJar : add tsc
2025-06-08 13:03:48,249 [INFO] IPUIPlugin:80 - create IPUIPlugin
2025-06-08 13:03:48,249 [INFO] PluginManager:220 - loadIPPluginJar : add extmemmanager
2025-06-08 13:03:48,251 [INFO] IPUIPlugin:80 - create IPUIPlugin
2025-06-08 13:03:48,251 [INFO] PluginManager:220 - loadIPPluginJar : add ts
2025-06-08 13:03:48,252 [INFO] IPUIPlugin:80 - create IPUIPlugin
2025-06-08 13:03:48,253 [INFO] PluginManager:220 - loadIPPluginJar : add radio
2025-06-08 13:03:48,255 [INFO] IPUIPlugin:80 - create IPUIPlugin
2025-06-08 13:03:48,255 [INFO] PluginManager:220 - loadIPPluginJar : add can
2025-06-08 13:03:48,257 [INFO] IPUIPlugin:80 - create IPUIPlugin
2025-06-08 13:03:48,257 [INFO] PluginManager:220 - loadIPPluginJar : add dma3
2025-06-08 13:03:48,259 [INFO] IPUIPlugin:80 - create IPUIPlugin
2025-06-08 13:03:48,259 [INFO] PluginManager:220 - loadIPPluginJar : add dfsdm
2025-06-08 13:03:48,260 [INFO] IPUIPlugin:80 - create IPUIPlugin
2025-06-08 13:03:48,261 [INFO] PluginManager:220 - loadIPPluginJar : add spi
2025-06-08 13:03:48,262 [INFO] IPUIPlugin:80 - create IPUIPlugin
2025-06-08 13:03:48,262 [INFO] PluginManager:220 - loadIPPluginJar : add gfxmmu
2025-06-08 13:03:48,263 [INFO] IPUIPlugin:80 - create IPUIPlugin
2025-06-08 13:03:48,263 [INFO] PluginManager:220 - loadIPPluginJar : add genericplugin
2025-06-08 13:03:48,265 [INFO] IPUIPlugin:80 - create IPUIPlugin
2025-06-08 13:03:48,265 [INFO] PluginManager:220 - loadIPPluginJar : add cryp
2025-06-08 13:03:48,268 [INFO] IPUIPlugin:80 - create IPUIPlugin
2025-06-08 13:03:48,268 [INFO] PluginManager:220 - loadIPPluginJar : add gpio
2025-06-08 13:03:48,270 [INFO] IPUIPlugin:80 - create IPUIPlugin
2025-06-08 13:03:48,270 [INFO] PluginManager:220 - loadIPPluginJar : add ddr_ctrl_phy
2025-06-08 13:03:48,271 [INFO] IPUIPlugin:80 - create IPUIPlugin
2025-06-08 13:03:48,272 [INFO] PluginManager:220 - loadIPPluginJar : add comp
2025-06-08 13:03:48,274 [INFO] IPUIPlugin:80 - create IPUIPlugin
2025-06-08 13:03:48,275 [INFO] PluginManager:220 - loadIPPluginJar : add tracer_emb
2025-06-08 13:03:48,278 [INFO] IPUIPlugin:80 - create IPUIPlugin
2025-06-08 13:03:48,278 [INFO] PluginManager:220 - loadIPPluginJar : add openamp
2025-06-08 13:03:48,284 [INFO] IPUIPlugin:80 - create IPUIPlugin
2025-06-08 13:03:48,284 [INFO] PluginManager:220 - loadIPPluginJar : add stm32_wpan
2025-06-08 13:03:48,290 [INFO] IPUIPlugin:80 - create IPUIPlugin
2025-06-08 13:03:48,292 [INFO] PluginManager:220 - loadIPPluginJar : add plateformsettings
2025-06-08 13:03:48,295 [INFO] IPUIPlugin:80 - create IPUIPlugin
2025-06-08 13:03:48,295 [INFO] PluginManager:220 - loadIPPluginJar : add ipddr
2025-06-08 13:03:48,296 [INFO] IPUIPlugin:80 - create IPUIPlugin
2025-06-08 13:03:48,297 [INFO] PluginManager:220 - loadIPPluginJar : add usart
2025-06-08 13:03:48,297 [INFO] IPUIPlugin:80 - create IPUIPlugin
2025-06-08 13:03:48,298 [INFO] PluginManager:220 - loadIPPluginJar : add ltdc
2025-06-08 13:03:48,300 [INFO] IPUIPlugin:80 - create IPUIPlugin
2025-06-08 13:03:48,300 [INFO] PluginManager:220 - loadIPPluginJar : add nvic
2025-06-08 13:03:48,301 [INFO] IPUIPlugin:80 - create IPUIPlugin
2025-06-08 13:03:48,301 [INFO] PluginManager:220 - loadIPPluginJar : add fatfs
2025-06-08 13:03:48,308 [INFO] IPUIPlugin:80 - create IPUIPlugin
2025-06-08 13:03:48,308 [INFO] PluginManager:220 - loadIPPluginJar : add linkedlist
2025-06-08 13:03:48,313 [INFO] IPUIPlugin:80 - create IPUIPlugin
2025-06-08 13:03:48,314 [INFO] PluginManager:220 - loadIPPluginJar : add dma
2025-06-08 13:03:48,318 [INFO] IPUIPlugin:80 - create IPUIPlugin
2025-06-08 13:03:48,318 [INFO] PluginManager:220 - loadIPPluginJar : add fmc
2025-06-08 13:03:48,320 [INFO] IPUIPlugin:80 - create IPUIPlugin
2025-06-08 13:03:48,320 [INFO] PluginManager:220 - loadIPPluginJar : add i2s
2025-06-08 13:03:48,321 [INFO] IPUIPlugin:80 - create IPUIPlugin
2025-06-08 13:03:48,322 [INFO] PluginManager:220 - loadIPPluginJar : add ucpd
2025-06-08 13:03:48,324 [INFO] IPUIPlugin:80 - create IPUIPlugin
2025-06-08 13:03:48,325 [INFO] PluginManager:220 - loadIPPluginJar : add lorawan
2025-06-08 13:03:48,326 [INFO] IPUIPlugin:80 - create IPUIPlugin
2025-06-08 13:03:48,327 [INFO] PluginManager:220 - loadIPPluginJar : add opamp
2025-06-08 13:03:48,328 [INFO] IPUIPlugin:80 - create IPUIPlugin
2025-06-08 13:03:48,328 [INFO] PluginManager:220 - loadIPPluginJar : add i3c
2025-06-08 13:03:48,331 [INFO] IPUIPlugin:80 - create IPUIPlugin
2025-06-08 13:03:48,331 [INFO] PluginManager:220 - loadIPPluginJar : add touchsensing
2025-06-08 13:03:48,333 [INFO] IPUIPlugin:80 - create IPUIPlugin
2025-06-08 13:03:48,333 [INFO] PluginManager:220 - loadIPPluginJar : add i2c
2025-06-08 13:03:48,335 [INFO] IPUIPlugin:80 - create IPUIPlugin
2025-06-08 13:03:48,335 [INFO] PluginManager:220 - loadIPPluginJar : add resmgrutility
2025-06-08 13:03:48,337 [INFO] IPUIPlugin:80 - create IPUIPlugin
2025-06-08 13:03:48,337 [INFO] PluginManager:220 - loadIPPluginJar : add sai
2025-06-08 13:03:48,339 [INFO] IPUIPlugin:80 - create IPUIPlugin
2025-06-08 13:03:48,339 [INFO] PluginManager:220 - loadIPPluginJar : add usbx
2025-06-08 13:03:48,448 [FATAL] Updater:351 - Updater called before beeing initialized
2025-06-08 13:03:48,474 [INFO] RulesReader:64 - Compatibility file has been processed (302 Rules)
2025-06-08 13:03:48,488 [INFO] RulesReader:64 - Compatibility file has been processed (302 Rules)
2025-06-08 13:03:48,495 [INFO] CADModel:165 - CPN selected for project level
2025-06-08 13:03:48,495 [INFO] CADModel:114 - Register for checkConnection events
2025-06-08 13:03:48,495 [FATAL] Updater:351 - Updater called before beeing initialized
2025-06-08 13:03:48,495 [ERROR] CADModel:125 - Updater not yet initialized, retry later 
2025-06-08 13:03:48,706 [FATAL] Updater:351 - Updater called before beeing initialized
2025-06-08 13:03:48,709 [INFO] CADModel:165 - CPN selected for project level
2025-06-08 13:03:48,710 [INFO] CADModel:114 - Register for checkConnection events
2025-06-08 13:03:48,710 [FATAL] Updater:351 - Updater called before beeing initialized
2025-06-08 13:03:48,710 [ERROR] CADModel:125 - Updater not yet initialized, retry later 
2025-06-08 13:03:48,715 [FATAL] Updater:351 - Updater called before beeing initialized
2025-06-08 13:03:48,828 [FATAL] Updater:351 - Updater called before beeing initialized
2025-06-08 13:03:48,833 [INFO] DbMcusAds:53 - JSON generation date=Wed May 07 05:07:55 EDT 2025 (1746608875484)
2025-06-08 13:03:48,833 [FATAL] Updater:351 - Updater called before beeing initialized
2025-06-08 13:03:49,031 [WARN] DetailPanel:346 - Failed to get advertising image, set to default
2025-06-08 13:03:49,396 [FATAL] Updater:351 - Updater called before beeing initialized
2025-06-08 13:03:49,398 [FATAL] Updater:351 - Updater called before beeing initialized
2025-06-08 13:03:49,398 [FATAL] Updater:351 - Updater called before beeing initialized
2025-06-08 13:03:49,399 [WARN] DetailPanel:346 - Failed to get advertising image, set to default
2025-06-08 13:03:49,399 [FATAL] Updater:351 - Updater called before beeing initialized
2025-06-08 13:03:49,436 [ERROR] Updater:1198 - MainUpdater not yet initialized. External WinMGr cannot be set.
2025-06-08 13:03:49,438 [INFO] Updater:1134 - Updater Version found : 6.14.1
2025-06-08 13:03:49,462 [INFO] ApplicationProperties:184 - Using Application install path: /Applications/STM32CubeIDE.app/Contents/Eclipse/plugins/com.st.stm32cube.common.mx_6.14.1.202504091515
2025-06-08 13:03:50,752 [INFO] ThirdPartyUpdaterWithRetryManager:70 - Updater plugin not ready yet. [2/15]
2025-06-08 13:03:50,837 [INFO] MainUpdater:2872 - connection check result : 10
2025-06-08 13:03:50,838 [INFO] MainUpdater:289 - Updater Check For Update Now.
2025-06-08 13:03:50,838 [INFO] MicroXplorer:498 - Change Database Version : DB.6.0.141
2025-06-08 13:03:50,843 [INFO] McuFinderGlobals:63 - Set McuFinder mode to 2 (CubeIDE integrated)
2025-06-08 13:03:50,845 [INFO] UserAuth:484 - Internet connection configuration mode: 1
2025-06-08 13:03:50,866 [INFO] JxBrowserEngine:152 - Initiate JxBrowser Engine with user profile folder
2025-06-08 13:03:51,033 [INFO] CheckServerUpdateThread:120 - End of CheckServer Thread
2025-06-08 13:03:52,803 [INFO] WebApp:169 - Instantiating new browser for Auth
2025-06-08 13:03:54,011 [INFO] WebApp:463 - Apply proxy settings
2025-06-08 13:03:54,034 [INFO] WebApp:508 - Chromium authenticates against Manually configured proxy
2025-06-08 13:03:54,058 [INFO] WebApp:516 - Username used for proxy authentication: 
2025-06-08 13:03:54,118 [INFO] WebApp:894 - Register for checkConnection events
2025-06-08 13:03:54,141 [INFO] WebApp:463 - Apply proxy settings
2025-06-08 13:03:54,184 [INFO] WebApp:508 - Chromium authenticates against Manually configured proxy
2025-06-08 13:03:54,205 [INFO] WebApp:516 - Username used for proxy authentication: 
2025-06-08 13:03:54,493 [INFO] WebApp:225 - Starting web application
2025-06-08 13:03:54,560 [INFO] WebApp:593 - Web application path used /Applications/STM32CubeIDE.app/Contents/Eclipse/plugins/com.st.stm32cube.common.mx_6.14.1.202504091515/db/plugins/mcufinder/reactClient1/index.html
2025-06-08 13:03:54,782 [INFO] UserAuth:484 - Internet connection configuration mode: 1
2025-06-08 13:03:55,211 [INFO] WebApp:191 - Connection restablished
2025-06-08 13:03:57,728 [WARN] PackLoader:240 - Cannot read IP mode file for STMicroelectronics.FP-SNS-MOTENVWB1.1.4.0
2025-06-08 13:03:57,736 [WARN] PackLoader:240 - Cannot read IP mode file for STMicroelectronics.FP-ATR-ASTRA1.2.0.2
2025-06-08 13:03:57,739 [WARN] PackLoader:240 - Cannot read IP mode file for STMicroelectronics.FP-ATR-ASTRA1.2.0.1
2025-06-08 13:03:57,747 [WARN] PackLoader:240 - Cannot read IP mode file for STMicroelectronics.X-CUBE-SMBUS.2.1.0
2025-06-08 13:03:57,755 [WARN] PackLoader:240 - Cannot read IP mode file for STMicroelectronics.X-CUBE-WB05N.1.1.0
2025-06-08 13:03:57,760 [WARN] PackLoader:240 - Cannot read IP mode file for STMicroelectronics.X-CUBE-TOUCHGFX.4.23.2
2025-06-08 13:03:57,790 [WARN] PackLoader:240 - Cannot read IP mode file for STMicroelectronics.X-CUBE-AZRTOS-F7.1.1.0
2025-06-08 13:03:57,801 [WARN] PackLoader:240 - Cannot read IP mode file for STMicroelectronics.FP-SNS-MOTENV1.4.3.2
2025-06-08 13:03:57,860 [WARN] PackLoader:240 - Cannot read IP mode file for STMicroelectronics.X-CUBE-MEMS1.11.0.0
2025-06-08 13:03:58,027 [WARN] PackLoader:240 - Cannot read IP mode file for STMicroelectronics.FP-SNS-FLIGHT1.5.0.2
2025-06-08 13:03:58,035 [WARN] PackLoader:240 - Cannot read IP mode file for STMicroelectronics.X-CUBE-DISPLAY.3.0.0
2025-06-08 13:03:58,046 [WARN] PackLoader:240 - Cannot read IP mode file for STMicroelectronics.X-CUBE-BLE1.7.0.0
2025-06-08 13:03:58,054 [WARN] PackLoader:240 - Cannot read IP mode file for STMicroelectronics.X-CUBE-NFC10.1.0.0
2025-06-08 13:03:58,066 [WARN] PackLoader:240 - Cannot read IP mode file for STMicroelectronics.X-CUBE-BLEMGR.4.0.0
2025-06-08 13:03:58,075 [WARN] PackLoader:240 - Cannot read IP mode file for emotas.I-CUBE-CANOPEN.1.3.0
2025-06-08 13:03:58,081 [WARN] PackLoader:240 - Cannot read IP mode file for STMicroelectronics.X-CUBE-TOUCHGFX.4.22.1
2025-06-08 13:03:58,093 [WARN] PackLoader:240 - Cannot read IP mode file for STMicroelectronics.X-CUBE-BLEMGR.3.1.0
2025-06-08 13:03:58,099 [WARN] PackLoader:240 - Cannot read IP mode file for STMicroelectronics.X-CUBE-AI.10.0.0
2025-06-08 13:03:58,105 [WARN] PackLoader:240 - Cannot read IP mode file for STMicroelectronics.FP-SNS-SMARTAG2.1.2.0
2025-06-08 13:03:58,111 [WARN] PackLoader:240 - Cannot read IP mode file for STMicroelectronics.FP-SNS-FLIGHT1.5.1.0
2025-06-08 13:03:58,161 [WARN] PackLoader:240 - Cannot read IP mode file for STMicroelectronics.X-CUBE-MEMS1.11.1.0
2025-06-08 13:03:58,327 [INFO] LogOutputStream:77 - [STDOUT_REDIRECT] 1 : Invalid condition id : UX_CORESTACK_Condition cause : null
2025-06-08 13:03:58,328 [INFO] LogOutputStream:77 - [STDOUT_REDIRECT] 1 : Invalid condition id : UX_CORESTACK_Condition cause : null
2025-06-08 13:03:58,328 [INFO] LogOutputStream:77 - [STDOUT_REDIRECT] 1 : Invalid condition id : UX_CORESTACK_Condition cause : null
2025-06-08 13:03:58,329 [INFO] LogOutputStream:77 - [STDOUT_REDIRECT] 1 : Invalid condition id : UX_CORESTACK_Condition cause : null
2025-06-08 13:03:58,329 [INFO] LogOutputStream:77 - [STDOUT_REDIRECT] 1 : Invalid condition id : UX_CORESTACK_Condition cause : null
2025-06-08 13:03:58,332 [WARN] PackLoader:240 - Cannot read IP mode file for STMicroelectronics.X-CUBE-AZRTOS-WL.2.0.0
2025-06-08 13:03:58,337 [WARN] PackLoader:240 - Cannot read IP mode file for STMicroelectronics.FP-SNS-MOTENV1.5.0.0
2025-06-08 13:03:58,342 [WARN] PackLoader:240 - Cannot read IP mode file for wolfSSL.I-CUBE-wolfMQTT.1.19.0
2025-06-08 13:03:58,351 [WARN] PackLoader:240 - Cannot read IP mode file for WES.I-CUBE-Cesium.1.3.0
2025-06-08 13:03:58,356 [WARN] PackLoader:240 - Cannot read IP mode file for STMicroelectronics.X-CUBE-BLE2.3.3.0
2025-06-08 13:03:58,363 [WARN] PackLoader:240 - Cannot read IP mode file for STMicroelectronics.X-CUBE-NFC9.1.0.0
2025-06-08 13:03:58,368 [WARN] PackLoader:240 - Cannot read IP mode file for STMicroelectronics.X-CUBE-BLE1.7.1.0
2025-06-08 13:03:58,373 [WARN] PackLoader:240 - Cannot read IP mode file for STMicroelectronics.X-CUBE-TCPP.4.1.0
2025-06-08 13:03:58,378 [WARN] PackLoader:240 - Cannot read IP mode file for STMicroelectronics.X-CUBE-AI.10.1.0
2025-06-08 13:03:58,386 [WARN] PackLoader:240 - Cannot read IP mode file for STMicroelectronics.X-CUBE-ALGOBUILD.1.3.0
2025-06-08 13:03:58,428 [WARN] PackLoader:240 - Cannot read IP mode file for STMicroelectronics.X-CUBE-MEMS1.11.2.0
2025-06-08 13:03:58,567 [WARN] PackLoader:240 - Cannot read IP mode file for STMicroelectronics.X-CUBE-AZRTOS-G0.1.1.0
2025-06-08 13:03:58,575 [WARN] PackLoader:240 - Cannot read IP mode file for STMicroelectronics.X-CUBE-SAFEA1.1.2.2
2025-06-08 13:03:58,585 [WARN] PackLoader:240 - Cannot read IP mode file for STMicroelectronics.X-CUBE-NFC4.3.0.0
2025-06-08 13:03:58,595 [WARN] PackLoader:240 - Cannot read IP mode file for EmbeddedOffice.I-CUBE-FS-RTOS.1.0.1
2025-06-08 13:03:58,599 [WARN] PackLoader:240 - Cannot read IP mode file for STMicroelectronics.X-CUBE-WB05N.2.0.0
2025-06-08 13:03:58,608 [WARN] PackLoader:240 - Cannot read IP mode file for STMicroelectronics.X-CUBE-BLEMGR.3.0.0
2025-06-08 13:03:58,617 [WARN] PackLoader:240 - Cannot read IP mode file for STMicroelectronics.X-CUBE-TCPP.4.2.0
2025-06-08 13:03:58,624 [WARN] PackLoader:240 - Cannot read IP mode file for RealThread.X-CUBE-RT-Thread_Nano.4.1.1
2025-06-08 13:03:58,628 [WARN] PackLoader:240 - Cannot read IP mode file for STMicroelectronics.FP-ATR-SIGFOX1.3.2.0
2025-06-08 13:03:58,631 [WARN] ConditionMgr:438 - getConditionDescription Invalid condition id : Cortex-A Device cause : null
2025-06-08 13:03:58,646 [WARN] ConditionMgr:1044 - genDependencies : Invalid condition id : Cortex-A Device cause : null
2025-06-08 13:03:58,646 [WARN] ConditionMgr:1044 - genDependencies : Invalid condition id : Cortex-A Device cause : null
2025-06-08 13:03:58,646 [WARN] ConditionMgr:1044 - genDependencies : Invalid condition id : Cortex-A Device cause : null
2025-06-08 13:03:58,655 [WARN] PackLoader:240 - Cannot read IP mode file for STMicroelectronics.X-CUBE-EEPRMA1.5.1.0
2025-06-08 13:03:58,664 [WARN] PackLoader:240 - Cannot read IP mode file for STMicroelectronics.X-CUBE-ST67W61.1.0.0
2025-06-08 13:03:58,694 [WARN] PackLoader:240 - Cannot read IP mode file for SEGGER.I-CUBE-embOS.1.3.1
2025-06-08 13:03:58,737 [WARN] PackLoader:240 - Cannot read IP mode file for STMicroelectronics.X-CUBE-ALGOBUILD.1.4.0
2025-06-08 13:03:58,741 [WARN] PackLoader:240 - Cannot read IP mode file for STMicroelectronics.X-CUBE-AI.9.1.0
2025-06-08 13:03:58,748 [WARN] PackLoader:240 - Cannot read IP mode file for STMicroelectronics.X-CUBE-GNSS1.6.0.0
2025-06-08 13:03:58,768 [WARN] PackLoader:240 - Cannot read IP mode file for STMicroelectronics.X-CUBE-AZRTOS-F4.1.1.0
2025-06-08 13:03:58,774 [WARN] PackLoader:240 - Cannot read IP mode file for wolfSSL.I-CUBE-wolfSSL.5.6.3
2025-06-08 13:03:58,777 [WARN] PackLoader:240 - Cannot read IP mode file for Avnet-IotConnect.X-CUBE-IoTC-DA16k-PMOD.1.0.0
2025-06-08 13:03:58,786 [WARN] PackLoader:240 - Cannot read IP mode file for STMicroelectronics.X-CUBE-ISPU.2.1.0
2025-06-08 13:03:58,792 [WARN] PackLoader:240 - Cannot read IP mode file for STMicroelectronics.X-CUBE-FREERTOS.1.2.0
2025-06-08 13:03:58,808 [WARN] PackLoader:240 - Cannot read IP mode file for STMicroelectronics.X-CUBE-AZRTOS-L5.2.0.0
2025-06-08 13:03:58,844 [WARN] PackLoader:240 - Cannot read IP mode file for STMicroelectronics.X-CUBE-MEMS1.9.6.0
2025-06-08 13:03:58,984 [WARN] PackLoader:240 - Cannot read IP mode file for STMicroelectronics.X-CUBE-EEPRMA1.4.2.0
2025-06-08 13:03:58,994 [WARN] PackLoader:240 - Cannot read IP mode file for STMicroelectronics.X-CUBE-NFC6.3.1.0
2025-06-08 13:03:59,002 [WARN] PackLoader:240 - Cannot read IP mode file for ITTIA_DB.I-CUBE-ITTIADB.8.8.0
2025-06-08 13:03:59,011 [WARN] PackLoader:240 - Cannot read IP mode file for STMicroelectronics.X-CUBE-BLEMGR.2.0.0
2025-06-08 13:03:59,027 [WARN] PackLoader:240 - Cannot read IP mode file for STMicroelectronics.X-CUBE-DPower.1.2.0
2025-06-08 13:03:59,032 [WARN] PackLoader:240 - Cannot read IP mode file for STMicroelectronics.X-CUBE-AI.9.0.0
2025-06-08 13:03:59,054 [WARN] ConditionMgr:438 - getConditionDescription Invalid condition id : UX DEVICE CLASS RTOS Condition cause : null
2025-06-08 13:03:59,055 [WARN] ConditionMgr:438 - getConditionDescription Invalid condition id : UX DEVICE CLASS RTOS Condition cause : null
2025-06-08 13:03:59,059 [WARN] PackLoader:240 - Cannot read IP mode file for STMicroelectronics.X-CUBE-AZRTOS-H7.3.1.0
2025-06-08 13:03:59,060 [WARN] ConditionMgr:1044 - genDependencies : Invalid condition id : UX DEVICE CLASS RTOS Condition cause : null
2025-06-08 13:03:59,060 [WARN] ConditionMgr:1044 - genDependencies : Invalid condition id : UX DEVICE CLASS RTOS Condition cause : null
2025-06-08 13:03:59,061 [WARN] ConditionMgr:1044 - genDependencies : Invalid condition id : UX DEVICE CLASS RTOS Condition cause : null
2025-06-08 13:03:59,062 [WARN] ConditionMgr:1044 - genDependencies : Invalid condition id : UX DEVICE CLASS RTOS Condition cause : null
2025-06-08 13:03:59,062 [WARN] ConditionMgr:1044 - genDependencies : Invalid condition id : UX DEVICE CLASS RTOS Condition cause : null
2025-06-08 13:03:59,077 [WARN] PackLoader:240 - Cannot read IP mode file for STMicroelectronics.X-CUBE-FREERTOS.1.3.1
2025-06-08 13:03:59,085 [WARN] PackLoader:240 - Cannot read IP mode file for STMicroelectronics.X-CUBE-FREERTOS.1.3.0
2025-06-08 13:03:59,094 [WARN] PackLoader:240 - Cannot read IP mode file for STMicroelectronics.X-CUBE-NFC7.1.0.1
2025-06-08 13:03:59,099 [WARN] PackLoader:240 - Cannot read IP mode file for wolfSSL.I-CUBE-wolfTPM.3.2.0
2025-06-08 13:03:59,108 [WARN] PackLoader:240 - Cannot read IP mode file for STMicroelectronics.X-CUBE-NFC6.3.0.0
2025-06-08 13:03:59,119 [WARN] PackLoader:240 - Cannot read IP mode file for STMicroelectronics.X-CUBE-EEPRMA1.4.1.0
2025-06-08 13:03:59,144 [WARN] PackLoader:240 - Cannot read IP mode file for STMicroelectronics.X-CUBE-DPower.1.3.0
2025-06-08 13:03:59,149 [WARN] PackLoader:240 - Cannot read IP mode file for STMicroelectronics.X-CUBE-AI.8.1.0
2025-06-08 13:03:59,170 [WARN] ConditionMgr:438 - getConditionDescription Invalid condition id : LAN8742 Phy interface Condition cause : null
2025-06-08 13:03:59,171 [WARN] PackLoader:240 - Cannot read IP mode file for STMicroelectronics.X-CUBE-AZRTOS-L4.2.0.0
2025-06-08 13:03:59,172 [WARN] ConditionMgr:1044 - genDependencies : Invalid condition id : LAN8742 Phy interface Condition cause : null
2025-06-08 13:03:59,172 [WARN] ConditionMgr:1044 - genDependencies : Invalid condition id : LAN8742 Phy interface Condition cause : null
2025-06-08 13:03:59,173 [WARN] ConditionMgr:1044 - genDependencies : Invalid condition id : LAN8742 Phy interface Condition cause : null
2025-06-08 13:03:59,179 [WARN] PackLoader:240 - Cannot read IP mode file for STMicroelectronics.X-CUBE-SFXS2LP1.4.0.0
2025-06-08 13:03:59,186 [WARN] PackLoader:240 - Cannot read IP mode file for STMicroelectronics.X-CUBE-ISPU.1.1.0
2025-06-08 13:03:59,213 [WARN] PackLoader:240 - Cannot read IP mode file for STMicroelectronics.X-CUBE-AZRTOS-H7.3.3.0
2025-06-08 13:03:59,225 [WARN] PackLoader:240 - Cannot read IP mode file for STMicroelectronics.X-CUBE-IPS.3.0.0
2025-06-08 13:03:59,238 [WARN] ConditionMgr:438 - getConditionDescription Invalid condition id : UX DEVICE CLASS RTOS Condition cause : null
2025-06-08 13:03:59,238 [WARN] ConditionMgr:438 - getConditionDescription Invalid condition id : UX DEVICE CLASS RTOS Condition cause : null
2025-06-08 13:03:59,240 [WARN] PackLoader:240 - Cannot read IP mode file for STMicroelectronics.X-CUBE-AZRTOS-WB.2.0.0
2025-06-08 13:03:59,241 [WARN] ConditionMgr:1044 - genDependencies : Invalid condition id : UX DEVICE CLASS RTOS Condition cause : null
2025-06-08 13:03:59,241 [WARN] ConditionMgr:1044 - genDependencies : Invalid condition id : UX DEVICE CLASS RTOS Condition cause : null
2025-06-08 13:03:59,241 [WARN] ConditionMgr:1044 - genDependencies : Invalid condition id : UX DEVICE CLASS RTOS Condition cause : null
2025-06-08 13:03:59,241 [WARN] ConditionMgr:1044 - genDependencies : Invalid condition id : UX DEVICE CLASS RTOS Condition cause : null
2025-06-08 13:03:59,241 [WARN] ConditionMgr:1044 - genDependencies : Invalid condition id : UX DEVICE CLASS RTOS Condition cause : null
2025-06-08 13:03:59,247 [WARN] PackLoader:240 - Cannot read IP mode file for STMicroelectronics.X-CUBE-GNSS1.7.0.0
2025-06-08 13:03:59,255 [WARN] PackLoader:240 - Cannot read IP mode file for STMicroelectronics.X-CUBE-GNSS1.7.0.1
2025-06-08 13:03:59,260 [WARN] PackLoader:240 - Cannot read IP mode file for STMicroelectronics.X-CUBE-TOUCHGFX.4.25.0
2025-06-08 13:03:59,265 [WARN] PackLoader:240 - Cannot read IP mode file for STMicroelectronics.FP-SNS-STBOX1.2.0.0
2025-06-08 13:03:59,275 [WARN] PackLoader:240 - Cannot read IP mode file for STMicroelectronics.X-CUBE-SUBG2.5.0.0
2025-06-08 13:03:59,304 [WARN] PackLoader:240 - Cannot read IP mode file for STMicroelectronics.X-CUBE-AZRTOS-H7RS.1.1.0
2025-06-08 13:03:59,309 [WARN] PackLoader:240 - Cannot read IP mode file for Cesanta.I-CUBE-Mongoose.7.13.0
2025-06-08 13:03:59,320 [WARN] PackLoader:240 - Cannot read IP mode file for STMicroelectronics.X-CUBE-TOF1.3.3.1
2025-06-08 13:03:59,338 [WARN] PackLoader:240 - Cannot read IP mode file for STMicroelectronics.X-CUBE-AZRTOS-G4.2.0.0
2025-06-08 13:03:59,352 [WARN] PackLoader:240 - Cannot read IP mode file for Infineon.AIROC-Wi-Fi-Bluetooth-STM32.1.5.1
2025-06-08 13:03:59,359 [WARN] PackLoader:240 - Cannot read IP mode file for STMicroelectronics.FP-SNS-MOTENVWB1.1.3.0
2025-06-08 13:03:59,364 [WARN] PackLoader:240 - Cannot read IP mode file for STMicroelectronics.X-CUBE-NFC7.2.0.0
2025-06-08 13:03:59,367 [WARN] PackLoader:240 - Cannot read IP mode file for STMicroelectronics.X-CUBE-ISPU.2.0.0
2025-06-08 13:03:59,377 [WARN] PackLoader:240 - Cannot read IP mode file for STMicroelectronics.X-CUBE-IPS.3.1.0
2025-06-08 13:03:59,402 [WARN] PackLoader:240 - Cannot read IP mode file for STMicroelectronics.X-CUBE-ALS.1.0.2
2025-06-08 13:03:59,434 [WARN] PackLoader:240 - Cannot read IP mode file for STMicroelectronics.X-CUBE-MEMS1.10.0.0
2025-06-08 13:03:59,523 [WARN] PackLoader:240 - Cannot read IP mode file for STMicroelectronics.X-CUBE-FREERTOS.1.1.0
2025-06-08 13:03:59,528 [WARN] PackLoader:240 - Cannot read IP mode file for STMicroelectronics.X-CUBE-TOUCHGFX.4.24.0
2025-06-08 13:03:59,531 [WARN] PackLoader:240 - Cannot read IP mode file for STMicroelectronics.X-CUBE-TOUCHGFX.4.24.2
2025-06-08 13:03:59,534 [WARN] PackLoader:240 - Cannot read IP mode file for STMicroelectronics.X-CUBE-TOUCHGFX.4.24.1
2025-06-08 13:03:59,538 [WARN] PackLoader:240 - Cannot read IP mode file for portGmbH.I-Cube-SoM-uGOAL.1.1.0
2025-06-08 13:03:59,543 [WARN] PackLoader:240 - Cannot read IP mode file for STMicroelectronics.X-CUBE-ALS.1.0.1
2025-06-08 13:03:59,567 [WARN] PackLoader:240 - Cannot read IP mode file for STMicroelectronics.X-CUBE-AZRTOS-H7RS.1.0.0
2025-06-08 13:03:59,573 [WARN] PackLoader:240 - Cannot read IP mode file for STMicroelectronics.FP-ATR-ASTRA1.2.0.0
2025-06-08 13:03:59,581 [WARN] PackLoader:240 - Cannot read IP mode file for STMicroelectronics.X-CUBE-TOF1.3.4.2
2025-06-08 13:03:59,596 [WARN] PackLoader:240 - Cannot read IP mode file for STMicroelectronics.X-CUBE-TOF1.3.4.3
2025-06-08 13:03:59,611 [WARN] PackLoader:240 - Cannot read IP mode file for STMicroelectronics.X-CUBE-TOF1.3.4.1
2025-06-08 13:03:59,633 [WARN] PackLoader:240 - Cannot read IP mode file for STMicroelectronics.X-CUBE-AZRTOS-H7.3.2.0
2025-06-08 13:03:59,637 [WARN] PackLoader:240 - Cannot read IP mode file for wolfSSL.I-CUBE-wolfSSH.1.4.17
2025-06-08 13:03:59,638 [INFO] ThirdParty:978 - Integrity check success = true
2025-06-08 13:03:59,638 [INFO] IntegrityCheckThread:100 - exiting critical section [integrity check]
2025-06-08 13:03:59,638 [INFO] IntegrityCheckThread:103 - End integrity checks thread
2025-06-08 13:19:57,207 [ERROR] LogOutputStream:75 - [STDERR_REDIRECT] 
2025-06-08 13:20:18,118 [INFO] Activator:176 - 


2025-06-08 13:20:18,121 [INFO] Activator:177 - !SESSION log4j initialized
2025-06-08 13:20:18,926 [INFO] LogOutputStream:77 - [STDOUT_REDIRECT] 
2025-06-08 13:20:19,860 [ERROR] LogOutputStream:75 - [STDERR_REDIRECT] 
2025-06-08 13:20:21,921 [INFO] LogOutputStream:77 - [STDOUT_REDIRECT] 
2025-06-08 13:20:24,842 [INFO] ApplicationProperties:184 - Using Application install path: /Applications/STM32CubeIDE.app/Contents/Eclipse/plugins/com.st.stm32cube.common.mx_6.14.1.202504091515
2025-06-08 13:20:24,860 [INFO] DbMcusXml:78 - Set database path to: /Applications/STM32CubeIDE.app/Contents/Eclipse/plugins/com.st.stm32cube.common.mx_6.14.1.202504091515//db//mcu/
2025-06-08 13:20:24,861 [INFO] ApiDb:274 - Set plugin database path to: /Applications/STM32CubeIDE.app/Contents/Eclipse/plugins/com.st.stm32cube.common.mx_6.14.1.202504091515//db//plugins/boardmanager/
2025-06-08 13:20:24,861 [WARN] ApiDb:259 - Overriding images path with different value:  => /Applications/STM32CubeIDE.app/Contents/Eclipse/plugins/com.st.stm32cube.common.mx_6.14.1.202504091515//db//plugins/mcufinder/images/
2025-06-08 13:20:24,865 [INFO] ApiDb:250 - Set database path to: /Users/chandisecherine/.stmcufinder/plugins/mcufinder//mcu/
2025-06-08 13:20:24,867 [INFO] DbMcusAds:125 - Set database path to: /Users/chandisecherine/.stmcufinder/plugins/mcufinder//mcu/
2025-06-08 13:20:24,869 [INFO] CrossReferenceDbSqlite:203 - Set database path to: /Users/chandisecherine/.stmcufinder/plugins/mcufinder//mcu/cs/
2025-06-08 13:20:24,982 [INFO] RulesReader:64 - Compatibility file has been processed (302 Rules)
2025-06-08 13:20:25,067 [INFO] DbMcusXml:78 - Set database path to: /Applications/STM32CubeIDE.app/Contents/Eclipse/plugins/com.st.stm32cube.common.mx_6.14.1.202504091515//db//mcu/
2025-06-08 13:20:25,068 [INFO] ApiDb:274 - Set plugin database path to: /Applications/STM32CubeIDE.app/Contents/Eclipse/plugins/com.st.stm32cube.common.mx_6.14.1.202504091515//db//plugins/boardmanager/
2025-06-08 13:20:25,068 [INFO] ApiDb:261 - Set plugin images path to: /Applications/STM32CubeIDE.app/Contents/Eclipse/plugins/com.st.stm32cube.common.mx_6.14.1.202504091515//db//plugins/mcufinder/images/
2025-06-08 13:20:25,068 [WARN] DbFile:41 - Overriding database path with different value: /Users/chandisecherine/.stmcufinder/plugins/mcufinder/ => /Users/chandisecherine/.stmcufinder/plugins/mcufinder
2025-06-08 13:20:25,068 [INFO] ApiDb:250 - Set database path to: /Users/chandisecherine/.stmcufinder/plugins/mcufinder//mcu/
2025-06-08 13:20:25,069 [WARN] DbFile:41 - Overriding database path with different value: /Users/chandisecherine/.stmcufinder/plugins/mcufinder/ => /Users/chandisecherine/.stmcufinder/plugins/mcufinder
2025-06-08 13:20:25,069 [INFO] DbMcusAds:125 - Set database path to: /Users/chandisecherine/.stmcufinder/plugins/mcufinder//mcu/
2025-06-08 13:20:25,069 [WARN] DbFile:41 - Overriding database path with different value: /Users/chandisecherine/.stmcufinder/plugins/mcufinder/ => /Users/chandisecherine/.stmcufinder/plugins/mcufinder
2025-06-08 13:20:25,069 [WARN] DbFile:41 - Overriding database path with different value: /Users/chandisecherine/.stmcufinder/plugins/mcufinder/ => /Users/chandisecherine/.stmcufinder/plugins/mcufinder
2025-06-08 13:20:25,069 [INFO] CrossReferenceDbSqlite:203 - Set database path to: /Users/chandisecherine/.stmcufinder/plugins/mcufinder//mcu/cs/
2025-06-08 13:20:25,138 [INFO] MainPanel:272 - HeapMemory: 268435456
2025-06-08 13:20:25,688 [INFO] DbMcusXml:78 - Set database path to: /Applications/STM32CubeIDE.app/Contents/Eclipse/plugins/com.st.stm32cube.common.mx_6.14.1.202504091515//db//mcu/
2025-06-08 13:20:25,688 [INFO] ApiDb:274 - Set plugin database path to: /Applications/STM32CubeIDE.app/Contents/Eclipse/plugins/com.st.stm32cube.common.mx_6.14.1.202504091515//db//plugins/boardmanager/
2025-06-08 13:20:25,688 [INFO] ApiDb:261 - Set plugin images path to: /Applications/STM32CubeIDE.app/Contents/Eclipse/plugins/com.st.stm32cube.common.mx_6.14.1.202504091515//db//plugins/mcufinder/images/
2025-06-08 13:20:25,689 [WARN] DbFile:41 - Overriding database path with different value: /Users/chandisecherine/.stmcufinder/plugins/mcufinder/ => /Users/chandisecherine/.stmcufinder/plugins/mcufinder
2025-06-08 13:20:25,689 [INFO] ApiDb:250 - Set database path to: /Users/chandisecherine/.stmcufinder/plugins/mcufinder//mcu/
2025-06-08 13:20:25,689 [WARN] DbFile:41 - Overriding database path with different value: /Users/chandisecherine/.stmcufinder/plugins/mcufinder/ => /Users/chandisecherine/.stmcufinder/plugins/mcufinder
2025-06-08 13:20:25,689 [INFO] DbMcusAds:125 - Set database path to: /Users/chandisecherine/.stmcufinder/plugins/mcufinder//mcu/
2025-06-08 13:20:25,689 [WARN] DbFile:41 - Overriding database path with different value: /Users/chandisecherine/.stmcufinder/plugins/mcufinder/ => /Users/chandisecherine/.stmcufinder/plugins/mcufinder
2025-06-08 13:20:25,689 [WARN] DbFile:41 - Overriding database path with different value: /Users/chandisecherine/.stmcufinder/plugins/mcufinder/ => /Users/chandisecherine/.stmcufinder/plugins/mcufinder
2025-06-08 13:20:25,689 [INFO] CrossReferenceDbSqlite:203 - Set database path to: /Users/chandisecherine/.stmcufinder/plugins/mcufinder//mcu/cs/
2025-06-08 13:20:25,714 [INFO] ApplicationProperties:184 - Using Application install path: /Applications/STM32CubeIDE.app/Contents/Eclipse/plugins/com.st.stm32cube.common.mx_6.14.1.202504091515
2025-06-08 13:20:25,717 [INFO] PluginManage:196 - Search for loadable plugins [exclusion list=, ]
2025-06-08 13:20:25,719 [INFO] PluginManage:310 - Check plugin analytics
2025-06-08 13:20:25,978 [INFO] AnalyticsPlugin:253 - Accepted Software Licenses: 
2025-06-08 13:20:25,978 [INFO] AnalyticsPlugin:255 - Accepted CMSIS Pack Licenses: 
2025-06-08 13:20:25,978 [INFO] AnalyticsPlugin:257 - Accepted Firmware Licenses: FW.F4.1.27.0
2025-06-08 13:20:25,982 [INFO] PluginManage:359 - Loaded plugin analytics (category:tool,tabindex:-1)
2025-06-08 13:20:25,982 [INFO] PluginManage:310 - Check plugin cadmodel
2025-06-08 13:20:25,987 [INFO] CADModel:105 - Init CAD model plugin
2025-06-08 13:20:25,988 [INFO] PluginManage:359 - Loaded plugin cadmodel (category:power,tabindex:5)
2025-06-08 13:20:25,988 [INFO] PluginManage:310 - Check plugin clock
2025-06-08 13:20:25,996 [INFO] PluginManage:359 - Loaded plugin clock (category:base,tabindex:2)
2025-06-08 13:20:25,996 [INFO] PluginManage:310 - Check plugin ddr
2025-06-08 13:20:26,000 [INFO] PluginManage:359 - Loaded plugin ddr (category:tool,tabindex:6)
2025-06-08 13:20:26,000 [INFO] PluginManage:310 - Check plugin filemanager
2025-06-08 13:20:26,160 [INFO] PluginManage:359 - Loaded plugin filemanager (category:base,tabindex:10)
2025-06-08 13:20:26,160 [INFO] PluginManage:310 - Check plugin ipmanager
2025-06-08 13:20:26,167 [INFO] PluginManage:359 - Loaded plugin ipmanager (category:base,tabindex:5)
2025-06-08 13:20:26,168 [INFO] PluginManage:310 - Check plugin lpbam
2025-06-08 13:20:26,178 [INFO] PluginManage:359 - Loaded plugin lpbam (category:base,tabindex:0)
2025-06-08 13:20:26,178 [INFO] PluginManage:310 - Check plugin memorymap
2025-06-08 13:20:26,191 [INFO] PluginManage:359 - Loaded plugin memorymap (category:base,tabindex:4)
2025-06-08 13:20:26,192 [INFO] PluginManage:310 - Check plugin pinoutandconfiguration
2025-06-08 13:20:26,199 [INFO] PluginManage:359 - Loaded plugin pinoutandconfiguration (category:base,tabindex:1)
2025-06-08 13:20:26,200 [INFO] PluginManage:310 - Check plugin pinoutconfig
2025-06-08 13:20:26,326 [WARN] SupportedApi:132 - Cannot load RTOS API schema: s4s-elt-must-match.1: The content of 'definitions' must match (annotation?, (simpleType | complexType)?, (unique | key | keyref)*)). A problem was found starting at: attribute.
2025-06-08 13:20:26,495 [INFO] PluginManage:359 - Loaded plugin pinoutconfig (category:base,tabindex:0)
2025-06-08 13:20:26,496 [INFO] PluginManage:310 - Check plugin power
2025-06-08 13:20:26,504 [INFO] PluginManage:359 - Loaded plugin power (category:power,tabindex:4)
2025-06-08 13:20:26,504 [INFO] PluginManage:310 - Check plugin projectmanager
2025-06-08 13:20:26,521 [INFO] PluginManage:359 - Loaded plugin projectmanager (category:projectmanager,tabindex:4)
2025-06-08 13:20:26,522 [INFO] PluginManage:310 - Check plugin rif
2025-06-08 13:20:26,528 [INFO] PluginManage:359 - Loaded plugin rif (category:base,tabindex:3)
2025-06-08 13:20:26,528 [INFO] PluginManage:310 - Check plugin thirdparty
2025-06-08 13:20:26,660 [INFO] PluginManage:359 - Loaded plugin thirdparty (category:base,tabindex:-1)
2025-06-08 13:20:26,660 [WARN] IntegrityCheckThread:84 - waiting for thirdparty lock release [integrity check]
2025-06-08 13:20:26,660 [INFO] PluginManage:310 - Check plugin tools
2025-06-08 13:20:26,660 [INFO] IntegrityCheckThread:86 - entering critical section [integrity check]
2025-06-08 13:20:26,661 [INFO] ThirdPartyUpdaterWithRetryManager:70 - Updater plugin not ready yet. [1/15]
2025-06-08 13:20:26,662 [INFO] PluginManage:359 - Loaded plugin tools (category:base,tabindex:7)
2025-06-08 13:20:26,662 [INFO] PluginManage:310 - Check plugin tutovideos
2025-06-08 13:20:26,830 [INFO] PluginManage:359 - Loaded plugin tutovideos (category:base,tabindex:-1)
2025-06-08 13:20:26,830 [INFO] PluginManage:310 - Check plugin updater
2025-06-08 13:20:26,855 [INFO] PluginManage:359 - Loaded plugin updater (category:base,tabindex:12)
2025-06-08 13:20:26,855 [INFO] PluginManage:310 - Check plugin userauth
2025-06-08 13:20:26,858 [INFO] UserAuth:118 - Init User Auth plugin
2025-06-08 13:20:26,859 [INFO] PluginManage:359 - Loaded plugin userauth (category:base,tabindex:14)
2025-06-08 13:20:26,859 [INFO] PluginManage:283 - PluginManage : Loaded plugins [18]
2025-06-08 13:20:27,038 [INFO] PinOutPanel:1589 - setPackage(No Configuration,No Configuration)
2025-06-08 13:20:27,116 [INFO] CADModel:165 - CPN selected for project level
2025-06-08 13:20:27,116 [INFO] CADModel:114 - Register for checkConnection events
2025-06-08 13:20:27,128 [INFO] IPUIPlugin:80 - create IPUIPlugin
2025-06-08 13:20:27,129 [INFO] PluginManager:220 - loadIPPluginJar : add mdma
2025-06-08 13:20:27,135 [INFO] IPUIPlugin:80 - create IPUIPlugin
2025-06-08 13:20:27,135 [INFO] PluginManager:220 - loadIPPluginJar : add freertos
2025-06-08 13:20:27,140 [INFO] IPUIPlugin:80 - create IPUIPlugin
2025-06-08 13:20:27,140 [INFO] PluginManager:220 - loadIPPluginJar : add gic
2025-06-08 13:20:27,148 [INFO] IPUIPlugin:80 - create IPUIPlugin
2025-06-08 13:20:27,148 [INFO] PluginManager:220 - loadIPPluginJar : add adc
2025-06-08 13:20:27,151 [INFO] IPUIPlugin:80 - create IPUIPlugin
2025-06-08 13:20:27,151 [INFO] PluginManager:220 - loadIPPluginJar : add gtzc
2025-06-08 13:20:27,152 [INFO] IPUIPlugin:80 - create IPUIPlugin
2025-06-08 13:20:27,153 [INFO] PluginManager:220 - loadIPPluginJar : add quadspi
2025-06-08 13:20:27,155 [INFO] IPUIPlugin:80 - create IPUIPlugin
2025-06-08 13:20:27,155 [INFO] PluginManager:220 - loadIPPluginJar : add aes
2025-06-08 13:20:27,157 [INFO] IPUIPlugin:80 - create IPUIPlugin
2025-06-08 13:20:27,157 [INFO] PluginManager:220 - loadIPPluginJar : add pdm2pcm
2025-06-08 13:20:27,159 [INFO] IPUIPlugin:80 - create IPUIPlugin
2025-06-08 13:20:27,159 [INFO] PluginManager:220 - loadIPPluginJar : add hash
2025-06-08 13:20:27,160 [INFO] IPUIPlugin:80 - create IPUIPlugin
2025-06-08 13:20:27,160 [INFO] PluginManager:220 - loadIPPluginJar : add tim
2025-06-08 13:20:27,161 [INFO] IPUIPlugin:80 - create IPUIPlugin
2025-06-08 13:20:27,162 [INFO] PluginManager:220 - loadIPPluginJar : add tsc
2025-06-08 13:20:27,164 [INFO] IPUIPlugin:80 - create IPUIPlugin
2025-06-08 13:20:27,164 [INFO] PluginManager:220 - loadIPPluginJar : add extmemmanager
2025-06-08 13:20:27,165 [INFO] IPUIPlugin:80 - create IPUIPlugin
2025-06-08 13:20:27,166 [INFO] PluginManager:220 - loadIPPluginJar : add ts
2025-06-08 13:20:27,167 [INFO] IPUIPlugin:80 - create IPUIPlugin
2025-06-08 13:20:27,168 [INFO] PluginManager:220 - loadIPPluginJar : add radio
2025-06-08 13:20:27,170 [INFO] IPUIPlugin:80 - create IPUIPlugin
2025-06-08 13:20:27,171 [INFO] PluginManager:220 - loadIPPluginJar : add can
2025-06-08 13:20:27,172 [INFO] IPUIPlugin:80 - create IPUIPlugin
2025-06-08 13:20:27,173 [INFO] PluginManager:220 - loadIPPluginJar : add dma3
2025-06-08 13:20:27,174 [INFO] IPUIPlugin:80 - create IPUIPlugin
2025-06-08 13:20:27,174 [INFO] PluginManager:220 - loadIPPluginJar : add dfsdm
2025-06-08 13:20:27,176 [INFO] IPUIPlugin:80 - create IPUIPlugin
2025-06-08 13:20:27,176 [INFO] PluginManager:220 - loadIPPluginJar : add spi
2025-06-08 13:20:27,177 [INFO] IPUIPlugin:80 - create IPUIPlugin
2025-06-08 13:20:27,177 [INFO] PluginManager:220 - loadIPPluginJar : add gfxmmu
2025-06-08 13:20:27,178 [INFO] IPUIPlugin:80 - create IPUIPlugin
2025-06-08 13:20:27,179 [INFO] PluginManager:220 - loadIPPluginJar : add genericplugin
2025-06-08 13:20:27,181 [INFO] IPUIPlugin:80 - create IPUIPlugin
2025-06-08 13:20:27,181 [INFO] PluginManager:220 - loadIPPluginJar : add cryp
2025-06-08 13:20:27,184 [INFO] IPUIPlugin:80 - create IPUIPlugin
2025-06-08 13:20:27,185 [INFO] PluginManager:220 - loadIPPluginJar : add gpio
2025-06-08 13:20:27,187 [INFO] IPUIPlugin:80 - create IPUIPlugin
2025-06-08 13:20:27,188 [INFO] PluginManager:220 - loadIPPluginJar : add ddr_ctrl_phy
2025-06-08 13:20:27,189 [INFO] IPUIPlugin:80 - create IPUIPlugin
2025-06-08 13:20:27,189 [INFO] PluginManager:220 - loadIPPluginJar : add comp
2025-06-08 13:20:27,191 [INFO] IPUIPlugin:80 - create IPUIPlugin
2025-06-08 13:20:27,192 [INFO] PluginManager:220 - loadIPPluginJar : add tracer_emb
2025-06-08 13:20:27,193 [INFO] IPUIPlugin:80 - create IPUIPlugin
2025-06-08 13:20:27,194 [INFO] PluginManager:220 - loadIPPluginJar : add openamp
2025-06-08 13:20:27,199 [INFO] IPUIPlugin:80 - create IPUIPlugin
2025-06-08 13:20:27,199 [INFO] PluginManager:220 - loadIPPluginJar : add stm32_wpan
2025-06-08 13:20:27,205 [INFO] IPUIPlugin:80 - create IPUIPlugin
2025-06-08 13:20:27,207 [INFO] PluginManager:220 - loadIPPluginJar : add plateformsettings
2025-06-08 13:20:27,211 [INFO] IPUIPlugin:80 - create IPUIPlugin
2025-06-08 13:20:27,211 [INFO] PluginManager:220 - loadIPPluginJar : add ipddr
2025-06-08 13:20:27,214 [INFO] IPUIPlugin:80 - create IPUIPlugin
2025-06-08 13:20:27,214 [INFO] PluginManager:220 - loadIPPluginJar : add usart
2025-06-08 13:20:27,215 [INFO] IPUIPlugin:80 - create IPUIPlugin
2025-06-08 13:20:27,215 [INFO] PluginManager:220 - loadIPPluginJar : add ltdc
2025-06-08 13:20:27,219 [INFO] IPUIPlugin:80 - create IPUIPlugin
2025-06-08 13:20:27,219 [INFO] PluginManager:220 - loadIPPluginJar : add nvic
2025-06-08 13:20:27,220 [INFO] IPUIPlugin:80 - create IPUIPlugin
2025-06-08 13:20:27,220 [INFO] PluginManager:220 - loadIPPluginJar : add fatfs
2025-06-08 13:20:27,225 [INFO] IPUIPlugin:80 - create IPUIPlugin
2025-06-08 13:20:27,226 [INFO] PluginManager:220 - loadIPPluginJar : add linkedlist
2025-06-08 13:20:27,230 [INFO] IPUIPlugin:80 - create IPUIPlugin
2025-06-08 13:20:27,230 [INFO] PluginManager:220 - loadIPPluginJar : add dma
2025-06-08 13:20:27,233 [INFO] IPUIPlugin:80 - create IPUIPlugin
2025-06-08 13:20:27,234 [INFO] PluginManager:220 - loadIPPluginJar : add fmc
2025-06-08 13:20:27,235 [INFO] IPUIPlugin:80 - create IPUIPlugin
2025-06-08 13:20:27,236 [INFO] PluginManager:220 - loadIPPluginJar : add i2s
2025-06-08 13:20:27,237 [INFO] IPUIPlugin:80 - create IPUIPlugin
2025-06-08 13:20:27,237 [INFO] PluginManager:220 - loadIPPluginJar : add ucpd
2025-06-08 13:20:27,239 [INFO] IPUIPlugin:80 - create IPUIPlugin
2025-06-08 13:20:27,239 [INFO] PluginManager:220 - loadIPPluginJar : add lorawan
2025-06-08 13:20:27,242 [INFO] IPUIPlugin:80 - create IPUIPlugin
2025-06-08 13:20:27,242 [INFO] PluginManager:220 - loadIPPluginJar : add opamp
2025-06-08 13:20:27,244 [INFO] IPUIPlugin:80 - create IPUIPlugin
2025-06-08 13:20:27,244 [INFO] PluginManager:220 - loadIPPluginJar : add i3c
2025-06-08 13:20:27,247 [INFO] IPUIPlugin:80 - create IPUIPlugin
2025-06-08 13:20:27,247 [INFO] PluginManager:220 - loadIPPluginJar : add touchsensing
2025-06-08 13:20:27,249 [INFO] IPUIPlugin:80 - create IPUIPlugin
2025-06-08 13:20:27,249 [INFO] PluginManager:220 - loadIPPluginJar : add i2c
2025-06-08 13:20:27,252 [INFO] IPUIPlugin:80 - create IPUIPlugin
2025-06-08 13:20:27,252 [INFO] PluginManager:220 - loadIPPluginJar : add resmgrutility
2025-06-08 13:20:27,254 [INFO] IPUIPlugin:80 - create IPUIPlugin
2025-06-08 13:20:27,254 [INFO] PluginManager:220 - loadIPPluginJar : add sai
2025-06-08 13:20:27,256 [INFO] IPUIPlugin:80 - create IPUIPlugin
2025-06-08 13:20:27,257 [INFO] PluginManager:220 - loadIPPluginJar : add usbx
2025-06-08 13:20:27,363 [FATAL] Updater:351 - Updater called before beeing initialized
2025-06-08 13:20:27,391 [INFO] RulesReader:64 - Compatibility file has been processed (302 Rules)
2025-06-08 13:20:27,402 [INFO] RulesReader:64 - Compatibility file has been processed (302 Rules)
2025-06-08 13:20:27,409 [INFO] CADModel:165 - CPN selected for project level
2025-06-08 13:20:27,409 [INFO] CADModel:114 - Register for checkConnection events
2025-06-08 13:20:27,409 [FATAL] Updater:351 - Updater called before beeing initialized
2025-06-08 13:20:27,409 [ERROR] CADModel:125 - Updater not yet initialized, retry later 
2025-06-08 13:20:27,576 [FATAL] Updater:351 - Updater called before beeing initialized
2025-06-08 13:20:27,578 [INFO] CADModel:165 - CPN selected for project level
2025-06-08 13:20:27,578 [INFO] CADModel:114 - Register for checkConnection events
2025-06-08 13:20:27,578 [FATAL] Updater:351 - Updater called before beeing initialized
2025-06-08 13:20:27,579 [ERROR] CADModel:125 - Updater not yet initialized, retry later 
2025-06-08 13:20:27,584 [FATAL] Updater:351 - Updater called before beeing initialized
2025-06-08 13:20:27,699 [FATAL] Updater:351 - Updater called before beeing initialized
2025-06-08 13:20:27,704 [INFO] DbMcusAds:53 - JSON generation date=Wed May 07 05:07:55 EDT 2025 (1746608875484)
2025-06-08 13:20:27,705 [FATAL] Updater:351 - Updater called before beeing initialized
2025-06-08 13:20:27,763 [WARN] DetailPanel:346 - Failed to get advertising image, set to default
2025-06-08 13:20:28,127 [FATAL] Updater:351 - Updater called before beeing initialized
2025-06-08 13:20:28,130 [FATAL] Updater:351 - Updater called before beeing initialized
2025-06-08 13:20:28,130 [FATAL] Updater:351 - Updater called before beeing initialized
2025-06-08 13:20:28,130 [WARN] DetailPanel:346 - Failed to get advertising image, set to default
2025-06-08 13:20:28,132 [FATAL] Updater:351 - Updater called before beeing initialized
2025-06-08 13:20:28,169 [ERROR] Updater:1198 - MainUpdater not yet initialized. External WinMGr cannot be set.
2025-06-08 13:20:28,171 [INFO] Updater:1134 - Updater Version found : 6.14.1
2025-06-08 13:20:28,194 [INFO] ApplicationProperties:184 - Using Application install path: /Applications/STM32CubeIDE.app/Contents/Eclipse/plugins/com.st.stm32cube.common.mx_6.14.1.202504091515
2025-06-08 13:20:28,736 [INFO] MainUpdater:2872 - connection check result : 10
2025-06-08 13:20:28,737 [INFO] MainUpdater:289 - Updater Check For Update Now.
2025-06-08 13:20:28,737 [INFO] MicroXplorer:498 - Change Database Version : DB.6.0.141
2025-06-08 13:20:28,742 [INFO] McuFinderGlobals:63 - Set McuFinder mode to 2 (CubeIDE integrated)
2025-06-08 13:20:28,743 [INFO] UserAuth:484 - Internet connection configuration mode: 1
2025-06-08 13:20:28,763 [INFO] JxBrowserEngine:152 - Initiate JxBrowser Engine with user profile folder
2025-06-08 13:20:28,956 [INFO] CheckServerUpdateThread:120 - End of CheckServer Thread
2025-06-08 13:20:29,894 [INFO] WebApp:169 - Instantiating new browser for Auth
2025-06-08 13:20:30,858 [INFO] WebApp:463 - Apply proxy settings
2025-06-08 13:20:30,868 [INFO] WebApp:508 - Chromium authenticates against Manually configured proxy
2025-06-08 13:20:30,890 [INFO] WebApp:516 - Username used for proxy authentication: 
2025-06-08 13:20:30,972 [INFO] WebApp:894 - Register for checkConnection events
2025-06-08 13:20:30,998 [INFO] WebApp:463 - Apply proxy settings
2025-06-08 13:20:31,022 [INFO] WebApp:508 - Chromium authenticates against Manually configured proxy
2025-06-08 13:20:31,059 [INFO] WebApp:516 - Username used for proxy authentication: 
2025-06-08 13:20:31,330 [INFO] WebApp:225 - Starting web application
2025-06-08 13:20:31,346 [INFO] WebApp:593 - Web application path used /Applications/STM32CubeIDE.app/Contents/Eclipse/plugins/com.st.stm32cube.common.mx_6.14.1.202504091515/db/plugins/mcufinder/reactClient1/index.html
2025-06-08 13:20:31,541 [INFO] UserAuth:484 - Internet connection configuration mode: 1
2025-06-08 13:20:32,021 [INFO] WebApp:191 - Connection restablished
2025-06-08 13:20:33,882 [WARN] PackLoader:240 - Cannot read IP mode file for STMicroelectronics.FP-SNS-MOTENVWB1.1.4.0
2025-06-08 13:20:33,889 [WARN] PackLoader:240 - Cannot read IP mode file for STMicroelectronics.FP-ATR-ASTRA1.2.0.2
2025-06-08 13:20:33,920 [WARN] PackLoader:240 - Cannot read IP mode file for STMicroelectronics.FP-ATR-ASTRA1.2.0.1
2025-06-08 13:20:33,945 [WARN] PackLoader:240 - Cannot read IP mode file for STMicroelectronics.X-CUBE-SMBUS.2.1.0
2025-06-08 13:20:33,954 [WARN] PackLoader:240 - Cannot read IP mode file for STMicroelectronics.X-CUBE-WB05N.1.1.0
2025-06-08 13:20:33,960 [WARN] PackLoader:240 - Cannot read IP mode file for STMicroelectronics.X-CUBE-TOUCHGFX.4.23.2
2025-06-08 13:20:33,994 [WARN] PackLoader:240 - Cannot read IP mode file for STMicroelectronics.X-CUBE-AZRTOS-F7.1.1.0
2025-06-08 13:20:34,010 [WARN] PackLoader:240 - Cannot read IP mode file for STMicroelectronics.FP-SNS-MOTENV1.4.3.2
2025-06-08 13:20:34,093 [WARN] PackLoader:240 - Cannot read IP mode file for STMicroelectronics.X-CUBE-MEMS1.11.0.0
2025-06-08 13:20:34,293 [WARN] PackLoader:240 - Cannot read IP mode file for STMicroelectronics.FP-SNS-FLIGHT1.5.0.2
2025-06-08 13:20:34,306 [WARN] PackLoader:240 - Cannot read IP mode file for STMicroelectronics.X-CUBE-DISPLAY.3.0.0
2025-06-08 13:20:34,315 [WARN] PackLoader:240 - Cannot read IP mode file for STMicroelectronics.X-CUBE-BLE1.7.0.0
2025-06-08 13:20:34,321 [WARN] PackLoader:240 - Cannot read IP mode file for STMicroelectronics.X-CUBE-NFC10.1.0.0
2025-06-08 13:20:34,355 [WARN] PackLoader:240 - Cannot read IP mode file for STMicroelectronics.X-CUBE-BLEMGR.4.0.0
2025-06-08 13:20:34,366 [WARN] PackLoader:240 - Cannot read IP mode file for emotas.I-CUBE-CANOPEN.1.3.0
2025-06-08 13:20:34,371 [WARN] PackLoader:240 - Cannot read IP mode file for STMicroelectronics.X-CUBE-TOUCHGFX.4.22.1
2025-06-08 13:20:34,381 [WARN] PackLoader:240 - Cannot read IP mode file for STMicroelectronics.X-CUBE-BLEMGR.3.1.0
2025-06-08 13:20:34,407 [WARN] PackLoader:240 - Cannot read IP mode file for STMicroelectronics.X-CUBE-AI.10.0.0
2025-06-08 13:20:34,443 [WARN] PackLoader:240 - Cannot read IP mode file for STMicroelectronics.FP-SNS-SMARTAG2.1.2.0
2025-06-08 13:20:34,451 [WARN] PackLoader:240 - Cannot read IP mode file for STMicroelectronics.FP-SNS-FLIGHT1.5.1.0
2025-06-08 13:20:34,497 [WARN] PackLoader:240 - Cannot read IP mode file for STMicroelectronics.X-CUBE-MEMS1.11.1.0
2025-06-08 13:20:34,653 [INFO] LogOutputStream:77 - [STDOUT_REDIRECT] 1 : Invalid condition id : UX_CORESTACK_Condition cause : null
2025-06-08 13:20:34,672 [INFO] LogOutputStream:77 - [STDOUT_REDIRECT] 1 : Invalid condition id : UX_CORESTACK_Condition cause : null
2025-06-08 13:20:34,691 [INFO] LogOutputStream:77 - [STDOUT_REDIRECT] 1 : Invalid condition id : UX_CORESTACK_Condition cause : null
2025-06-08 13:20:34,730 [INFO] LogOutputStream:77 - [STDOUT_REDIRECT] 1 : Invalid condition id : UX_CORESTACK_Condition cause : null
2025-06-08 13:20:34,749 [INFO] LogOutputStream:77 - [STDOUT_REDIRECT] 1 : Invalid condition id : UX_CORESTACK_Condition cause : null
2025-06-08 13:20:34,770 [WARN] PackLoader:240 - Cannot read IP mode file for STMicroelectronics.X-CUBE-AZRTOS-WL.2.0.0
2025-06-08 13:20:34,807 [WARN] PackLoader:240 - Cannot read IP mode file for STMicroelectronics.FP-SNS-MOTENV1.5.0.0
2025-06-08 13:20:34,863 [WARN] PackLoader:240 - Cannot read IP mode file for wolfSSL.I-CUBE-wolfMQTT.1.19.0
2025-06-08 13:20:34,922 [WARN] PackLoader:240 - Cannot read IP mode file for WES.I-CUBE-Cesium.1.3.0
2025-06-08 13:20:34,977 [WARN] PackLoader:240 - Cannot read IP mode file for STMicroelectronics.X-CUBE-BLE2.3.3.0
2025-06-08 13:20:35,022 [WARN] PackLoader:240 - Cannot read IP mode file for STMicroelectronics.X-CUBE-NFC9.1.0.0
2025-06-08 13:20:35,053 [WARN] PackLoader:240 - Cannot read IP mode file for STMicroelectronics.X-CUBE-BLE1.7.1.0
2025-06-08 13:20:35,111 [WARN] PackLoader:240 - Cannot read IP mode file for STMicroelectronics.X-CUBE-TCPP.4.1.0
2025-06-08 13:20:35,148 [WARN] PackLoader:240 - Cannot read IP mode file for STMicroelectronics.X-CUBE-AI.10.1.0
2025-06-08 13:20:35,223 [WARN] PackLoader:240 - Cannot read IP mode file for STMicroelectronics.X-CUBE-ALGOBUILD.1.3.0
2025-06-08 13:20:35,290 [WARN] PackLoader:240 - Cannot read IP mode file for STMicroelectronics.X-CUBE-MEMS1.11.2.0
2025-06-08 13:20:35,390 [WARN] PackLoader:240 - Cannot read IP mode file for STMicroelectronics.X-CUBE-AZRTOS-G0.1.1.0
2025-06-08 13:20:35,399 [WARN] PackLoader:240 - Cannot read IP mode file for STMicroelectronics.X-CUBE-SAFEA1.1.2.2
2025-06-08 13:20:35,408 [WARN] PackLoader:240 - Cannot read IP mode file for STMicroelectronics.X-CUBE-NFC4.3.0.0
2025-06-08 13:20:35,420 [WARN] PackLoader:240 - Cannot read IP mode file for EmbeddedOffice.I-CUBE-FS-RTOS.1.0.1
2025-06-08 13:20:35,429 [WARN] PackLoader:240 - Cannot read IP mode file for STMicroelectronics.X-CUBE-WB05N.2.0.0
2025-06-08 13:20:35,441 [WARN] PackLoader:240 - Cannot read IP mode file for STMicroelectronics.X-CUBE-BLEMGR.3.0.0
2025-06-08 13:20:35,458 [WARN] PackLoader:240 - Cannot read IP mode file for STMicroelectronics.X-CUBE-TCPP.4.2.0
2025-06-08 13:20:35,466 [WARN] PackLoader:240 - Cannot read IP mode file for RealThread.X-CUBE-RT-Thread_Nano.4.1.1
2025-06-08 13:20:35,471 [WARN] PackLoader:240 - Cannot read IP mode file for STMicroelectronics.FP-ATR-SIGFOX1.3.2.0
2025-06-08 13:20:35,474 [WARN] ConditionMgr:438 - getConditionDescription Invalid condition id : Cortex-A Device cause : null
2025-06-08 13:20:35,494 [WARN] ConditionMgr:1044 - genDependencies : Invalid condition id : Cortex-A Device cause : null
2025-06-08 13:20:35,495 [WARN] ConditionMgr:1044 - genDependencies : Invalid condition id : Cortex-A Device cause : null
2025-06-08 13:20:35,495 [WARN] ConditionMgr:1044 - genDependencies : Invalid condition id : Cortex-A Device cause : null
2025-06-08 13:20:35,501 [WARN] PackLoader:240 - Cannot read IP mode file for STMicroelectronics.X-CUBE-EEPRMA1.5.1.0
2025-06-08 13:20:35,508 [WARN] PackLoader:240 - Cannot read IP mode file for STMicroelectronics.X-CUBE-ST67W61.1.0.0
2025-06-08 13:20:35,540 [WARN] PackLoader:240 - Cannot read IP mode file for SEGGER.I-CUBE-embOS.1.3.1
2025-06-08 13:20:35,583 [WARN] PackLoader:240 - Cannot read IP mode file for STMicroelectronics.X-CUBE-ALGOBUILD.1.4.0
2025-06-08 13:20:35,590 [WARN] PackLoader:240 - Cannot read IP mode file for STMicroelectronics.X-CUBE-AI.9.1.0
2025-06-08 13:20:35,598 [WARN] PackLoader:240 - Cannot read IP mode file for STMicroelectronics.X-CUBE-GNSS1.6.0.0
2025-06-08 13:20:35,616 [WARN] PackLoader:240 - Cannot read IP mode file for STMicroelectronics.X-CUBE-AZRTOS-F4.1.1.0
2025-06-08 13:20:35,623 [WARN] PackLoader:240 - Cannot read IP mode file for wolfSSL.I-CUBE-wolfSSL.5.6.3
2025-06-08 13:20:35,644 [WARN] PackLoader:240 - Cannot read IP mode file for Avnet-IotConnect.X-CUBE-IoTC-DA16k-PMOD.1.0.0
2025-06-08 13:20:35,648 [WARN] PackLoader:240 - Cannot read IP mode file for STMicroelectronics.X-CUBE-ISPU.2.1.0
2025-06-08 13:20:35,653 [WARN] PackLoader:240 - Cannot read IP mode file for STMicroelectronics.X-CUBE-FREERTOS.1.2.0
2025-06-08 13:20:35,667 [WARN] PackLoader:240 - Cannot read IP mode file for STMicroelectronics.X-CUBE-AZRTOS-L5.2.0.0
2025-06-08 13:20:35,701 [WARN] PackLoader:240 - Cannot read IP mode file for STMicroelectronics.X-CUBE-MEMS1.9.6.0
2025-06-08 13:20:35,828 [WARN] PackLoader:240 - Cannot read IP mode file for STMicroelectronics.X-CUBE-EEPRMA1.4.2.0
2025-06-08 13:20:35,837 [WARN] PackLoader:240 - Cannot read IP mode file for STMicroelectronics.X-CUBE-NFC6.3.1.0
2025-06-08 13:20:35,843 [WARN] PackLoader:240 - Cannot read IP mode file for ITTIA_DB.I-CUBE-ITTIADB.8.8.0
2025-06-08 13:20:35,858 [WARN] PackLoader:240 - Cannot read IP mode file for STMicroelectronics.X-CUBE-BLEMGR.2.0.0
2025-06-08 13:20:35,867 [WARN] PackLoader:240 - Cannot read IP mode file for STMicroelectronics.X-CUBE-DPower.1.2.0
2025-06-08 13:20:35,873 [WARN] PackLoader:240 - Cannot read IP mode file for STMicroelectronics.X-CUBE-AI.9.0.0
2025-06-08 13:20:35,893 [WARN] ConditionMgr:438 - getConditionDescription Invalid condition id : UX DEVICE CLASS RTOS Condition cause : null
2025-06-08 13:20:35,894 [WARN] ConditionMgr:438 - getConditionDescription Invalid condition id : UX DEVICE CLASS RTOS Condition cause : null
2025-06-08 13:20:35,901 [WARN] PackLoader:240 - Cannot read IP mode file for STMicroelectronics.X-CUBE-AZRTOS-H7.3.1.0
2025-06-08 13:20:35,903 [WARN] ConditionMgr:1044 - genDependencies : Invalid condition id : UX DEVICE CLASS RTOS Condition cause : null
2025-06-08 13:20:35,903 [WARN] ConditionMgr:1044 - genDependencies : Invalid condition id : UX DEVICE CLASS RTOS Condition cause : null
2025-06-08 13:20:35,904 [WARN] ConditionMgr:1044 - genDependencies : Invalid condition id : UX DEVICE CLASS RTOS Condition cause : null
2025-06-08 13:20:35,904 [WARN] ConditionMgr:1044 - genDependencies : Invalid condition id : UX DEVICE CLASS RTOS Condition cause : null
2025-06-08 13:20:35,905 [WARN] ConditionMgr:1044 - genDependencies : Invalid condition id : UX DEVICE CLASS RTOS Condition cause : null
2025-06-08 13:20:35,912 [WARN] PackLoader:240 - Cannot read IP mode file for STMicroelectronics.X-CUBE-FREERTOS.1.3.1
2025-06-08 13:20:35,917 [WARN] PackLoader:240 - Cannot read IP mode file for STMicroelectronics.X-CUBE-FREERTOS.1.3.0
2025-06-08 13:20:35,923 [WARN] PackLoader:240 - Cannot read IP mode file for STMicroelectronics.X-CUBE-NFC7.1.0.1
2025-06-08 13:20:35,928 [WARN] PackLoader:240 - Cannot read IP mode file for wolfSSL.I-CUBE-wolfTPM.3.2.0
2025-06-08 13:20:35,936 [WARN] PackLoader:240 - Cannot read IP mode file for STMicroelectronics.X-CUBE-NFC6.3.0.0
2025-06-08 13:20:35,944 [WARN] PackLoader:240 - Cannot read IP mode file for STMicroelectronics.X-CUBE-EEPRMA1.4.1.0
2025-06-08 13:20:35,952 [WARN] PackLoader:240 - Cannot read IP mode file for STMicroelectronics.X-CUBE-DPower.1.3.0
2025-06-08 13:20:35,956 [WARN] PackLoader:240 - Cannot read IP mode file for STMicroelectronics.X-CUBE-AI.8.1.0
2025-06-08 13:20:35,975 [WARN] ConditionMgr:438 - getConditionDescription Invalid condition id : LAN8742 Phy interface Condition cause : null
2025-06-08 13:20:35,975 [WARN] PackLoader:240 - Cannot read IP mode file for STMicroelectronics.X-CUBE-AZRTOS-L4.2.0.0
2025-06-08 13:20:35,976 [WARN] ConditionMgr:1044 - genDependencies : Invalid condition id : LAN8742 Phy interface Condition cause : null
2025-06-08 13:20:35,976 [WARN] ConditionMgr:1044 - genDependencies : Invalid condition id : LAN8742 Phy interface Condition cause : null
2025-06-08 13:20:35,977 [WARN] ConditionMgr:1044 - genDependencies : Invalid condition id : LAN8742 Phy interface Condition cause : null
2025-06-08 13:20:35,982 [WARN] PackLoader:240 - Cannot read IP mode file for STMicroelectronics.X-CUBE-SFXS2LP1.4.0.0
2025-06-08 13:20:35,987 [WARN] PackLoader:240 - Cannot read IP mode file for STMicroelectronics.X-CUBE-ISPU.1.1.0
2025-06-08 13:20:36,004 [WARN] PackLoader:240 - Cannot read IP mode file for STMicroelectronics.X-CUBE-AZRTOS-H7.3.3.0
2025-06-08 13:20:36,019 [WARN] PackLoader:240 - Cannot read IP mode file for STMicroelectronics.X-CUBE-IPS.3.0.0
2025-06-08 13:20:36,032 [WARN] ConditionMgr:438 - getConditionDescription Invalid condition id : UX DEVICE CLASS RTOS Condition cause : null
2025-06-08 13:20:36,032 [WARN] ConditionMgr:438 - getConditionDescription Invalid condition id : UX DEVICE CLASS RTOS Condition cause : null
2025-06-08 13:20:36,034 [WARN] PackLoader:240 - Cannot read IP mode file for STMicroelectronics.X-CUBE-AZRTOS-WB.2.0.0
2025-06-08 13:20:36,034 [WARN] ConditionMgr:1044 - genDependencies : Invalid condition id : UX DEVICE CLASS RTOS Condition cause : null
2025-06-08 13:20:36,035 [WARN] ConditionMgr:1044 - genDependencies : Invalid condition id : UX DEVICE CLASS RTOS Condition cause : null
2025-06-08 13:20:36,035 [WARN] ConditionMgr:1044 - genDependencies : Invalid condition id : UX DEVICE CLASS RTOS Condition cause : null
2025-06-08 13:20:36,035 [WARN] ConditionMgr:1044 - genDependencies : Invalid condition id : UX DEVICE CLASS RTOS Condition cause : null
2025-06-08 13:20:36,035 [WARN] ConditionMgr:1044 - genDependencies : Invalid condition id : UX DEVICE CLASS RTOS Condition cause : null
2025-06-08 13:20:36,039 [WARN] PackLoader:240 - Cannot read IP mode file for STMicroelectronics.X-CUBE-GNSS1.7.0.0
2025-06-08 13:20:36,044 [WARN] PackLoader:240 - Cannot read IP mode file for STMicroelectronics.X-CUBE-GNSS1.7.0.1
2025-06-08 13:20:36,048 [WARN] PackLoader:240 - Cannot read IP mode file for STMicroelectronics.X-CUBE-TOUCHGFX.4.25.0
2025-06-08 13:20:36,053 [WARN] PackLoader:240 - Cannot read IP mode file for STMicroelectronics.FP-SNS-STBOX1.2.0.0
2025-06-08 13:20:36,062 [WARN] PackLoader:240 - Cannot read IP mode file for STMicroelectronics.X-CUBE-SUBG2.5.0.0
2025-06-08 13:20:36,106 [WARN] PackLoader:240 - Cannot read IP mode file for STMicroelectronics.X-CUBE-AZRTOS-H7RS.1.1.0
2025-06-08 13:20:36,110 [WARN] PackLoader:240 - Cannot read IP mode file for Cesanta.I-CUBE-Mongoose.7.13.0
2025-06-08 13:20:36,118 [WARN] PackLoader:240 - Cannot read IP mode file for STMicroelectronics.X-CUBE-TOF1.3.3.1
2025-06-08 13:20:36,134 [WARN] PackLoader:240 - Cannot read IP mode file for STMicroelectronics.X-CUBE-AZRTOS-G4.2.0.0
2025-06-08 13:20:36,146 [WARN] PackLoader:240 - Cannot read IP mode file for Infineon.AIROC-Wi-Fi-Bluetooth-STM32.1.5.1
2025-06-08 13:20:36,151 [WARN] PackLoader:240 - Cannot read IP mode file for STMicroelectronics.FP-SNS-MOTENVWB1.1.3.0
2025-06-08 13:20:36,155 [WARN] PackLoader:240 - Cannot read IP mode file for STMicroelectronics.X-CUBE-NFC7.2.0.0
2025-06-08 13:20:36,159 [WARN] PackLoader:240 - Cannot read IP mode file for STMicroelectronics.X-CUBE-ISPU.2.0.0
2025-06-08 13:20:36,168 [WARN] PackLoader:240 - Cannot read IP mode file for STMicroelectronics.X-CUBE-IPS.3.1.0
2025-06-08 13:20:36,175 [WARN] PackLoader:240 - Cannot read IP mode file for STMicroelectronics.X-CUBE-ALS.1.0.2
2025-06-08 13:20:36,199 [WARN] PackLoader:240 - Cannot read IP mode file for STMicroelectronics.X-CUBE-MEMS1.10.0.0
2025-06-08 13:20:36,271 [WARN] PackLoader:240 - Cannot read IP mode file for STMicroelectronics.X-CUBE-FREERTOS.1.1.0
2025-06-08 13:20:36,278 [WARN] PackLoader:240 - Cannot read IP mode file for STMicroelectronics.X-CUBE-TOUCHGFX.4.24.0
2025-06-08 13:20:36,281 [WARN] PackLoader:240 - Cannot read IP mode file for STMicroelectronics.X-CUBE-TOUCHGFX.4.24.2
2025-06-08 13:20:36,283 [WARN] PackLoader:240 - Cannot read IP mode file for STMicroelectronics.X-CUBE-TOUCHGFX.4.24.1
2025-06-08 13:20:36,287 [WARN] PackLoader:240 - Cannot read IP mode file for portGmbH.I-Cube-SoM-uGOAL.1.1.0
2025-06-08 13:20:36,291 [WARN] PackLoader:240 - Cannot read IP mode file for STMicroelectronics.X-CUBE-ALS.1.0.1
2025-06-08 13:20:36,304 [WARN] PackLoader:240 - Cannot read IP mode file for STMicroelectronics.X-CUBE-AZRTOS-H7RS.1.0.0
2025-06-08 13:20:36,308 [WARN] PackLoader:240 - Cannot read IP mode file for STMicroelectronics.FP-ATR-ASTRA1.2.0.0
2025-06-08 13:20:36,316 [WARN] PackLoader:240 - Cannot read IP mode file for STMicroelectronics.X-CUBE-TOF1.3.4.2
2025-06-08 13:20:36,329 [WARN] PackLoader:240 - Cannot read IP mode file for STMicroelectronics.X-CUBE-TOF1.3.4.3
2025-06-08 13:20:36,343 [WARN] PackLoader:240 - Cannot read IP mode file for STMicroelectronics.X-CUBE-TOF1.3.4.1
2025-06-08 13:20:36,363 [WARN] PackLoader:240 - Cannot read IP mode file for STMicroelectronics.X-CUBE-AZRTOS-H7.3.2.0
2025-06-08 13:20:36,367 [WARN] PackLoader:240 - Cannot read IP mode file for wolfSSL.I-CUBE-wolfSSH.1.4.17
2025-06-08 13:20:36,368 [INFO] ThirdParty:978 - Integrity check success = true
2025-06-08 13:20:36,369 [INFO] IntegrityCheckThread:100 - exiting critical section [integrity check]
2025-06-08 13:20:36,369 [INFO] IntegrityCheckThread:103 - End integrity checks thread
2025-06-08 13:21:40,703 [ERROR] LogOutputStream:75 - [STDERR_REDIRECT] 
